[2023-05-15 09:45:10] local.ERROR: Illuminate\Database\Migrations\Migration@anonymous(): Argument #1 ($table) must be of type Jenssegers\Mongodb\Schema\Blueprint, Illuminate\Database\Schema\Blueprint given, called in /Users/b002631/Desktop/school/graduation/code/job-recommendation-backend/vendor/laravel/framework/src/Illuminate/Database/Schema/Builder.php on line 284 {"exception":"[object] (TypeError(code: 0): Illuminate\\Database\\Migrations\\Migration@anonymous(): Argument #1 ($table) must be of type Jenssegers\\Mongodb\\Schema\\Blueprint, Illuminate\\Database\\Schema\\Blueprint given, called in /Users/b002631/Desktop/school/graduation/code/job-recommendation-backend/vendor/laravel/framework/src/Illuminate/Database/Schema/Builder.php on line 284 at /Users/b002631/Desktop/school/graduation/code/job-recommendation-backend/database/migrations/2023_04_17_030851_create_time_tables_table.php:19)
[stacktrace]
#0 /Users/b002631/Desktop/school/graduation/code/job-recommendation-backend/vendor/laravel/framework/src/Illuminate/Database/Schema/Builder.php(284): Illuminate\\Database\\Migrations\\Migration@anonymous->{closure}(Object(Illuminate\\Database\\Schema\\Blueprint))
#1 /Users/b002631/Desktop/school/graduation/code/job-recommendation-backend/vendor/laravel/framework/src/Illuminate/Support/helpers.php(306): Illuminate\\Database\\Schema\\Builder->Illuminate\\Database\\Schema\\{closure}(Object(Illuminate\\Database\\Schema\\Blueprint))
#2 /Users/b002631/Desktop/school/graduation/code/job-recommendation-backend/vendor/laravel/framework/src/Illuminate/Database/Schema/Builder.php(281): tap(Object(Illuminate\\Database\\Schema\\Blueprint), Object(Closure))
#3 /Users/b002631/Desktop/school/graduation/code/job-recommendation-backend/vendor/laravel/framework/src/Illuminate/Support/Facades/Facade.php(338): Illuminate\\Database\\Schema\\Builder->create('time_tables', Object(Closure))
#4 /Users/b002631/Desktop/school/graduation/code/job-recommendation-backend/database/migrations/2023_04_17_030851_create_time_tables_table.php(19): Illuminate\\Support\\Facades\\Facade::__callStatic('create', Array)
#5 /Users/b002631/Desktop/school/graduation/code/job-recommendation-backend/vendor/laravel/framework/src/Illuminate/Database/Migrations/Migrator.php(488): Illuminate\\Database\\Migrations\\Migration@anonymous->up()
#6 /Users/b002631/Desktop/school/graduation/code/job-recommendation-backend/vendor/laravel/framework/src/Illuminate/Database/Migrations/Migrator.php(406): Illuminate\\Database\\Migrations\\Migrator->runMethod(Object(Illuminate\\Database\\MySqlConnection), Object(Illuminate\\Database\\Migrations\\Migration@anonymous), 'up')
#7 /Users/b002631/Desktop/school/graduation/code/job-recommendation-backend/vendor/laravel/framework/src/Illuminate/Database/Migrations/Migrator.php(415): Illuminate\\Database\\Migrations\\Migrator->Illuminate\\Database\\Migrations\\{closure}()
#8 /Users/b002631/Desktop/school/graduation/code/job-recommendation-backend/vendor/laravel/framework/src/Illuminate/Database/Migrations/Migrator.php(216): Illuminate\\Database\\Migrations\\Migrator->runMigration(Object(Illuminate\\Database\\Migrations\\Migration@anonymous), 'up')
#9 /Users/b002631/Desktop/school/graduation/code/job-recommendation-backend/vendor/laravel/framework/src/Illuminate/Console/View/Components/Task.php(37): Illuminate\\Database\\Migrations\\Migrator->Illuminate\\Database\\Migrations\\{closure}()
#10 /Users/b002631/Desktop/school/graduation/code/job-recommendation-backend/vendor/laravel/framework/src/Illuminate/Database/Migrations/Migrator.php(751): Illuminate\\Console\\View\\Components\\Task->render('2023_04_17_0308...', Object(Closure))
#11 /Users/b002631/Desktop/school/graduation/code/job-recommendation-backend/vendor/laravel/framework/src/Illuminate/Database/Migrations/Migrator.php(216): Illuminate\\Database\\Migrations\\Migrator->write('Illuminate\\\\Cons...', '2023_04_17_0308...', Object(Closure))
#12 /Users/b002631/Desktop/school/graduation/code/job-recommendation-backend/vendor/laravel/framework/src/Illuminate/Database/Migrations/Migrator.php(181): Illuminate\\Database\\Migrations\\Migrator->runUp('/Users/b002631/...', 1, false)
#13 /Users/b002631/Desktop/school/graduation/code/job-recommendation-backend/vendor/laravel/framework/src/Illuminate/Database/Migrations/Migrator.php(124): Illuminate\\Database\\Migrations\\Migrator->runPending(Array, Array)
#14 /Users/b002631/Desktop/school/graduation/code/job-recommendation-backend/vendor/laravel/framework/src/Illuminate/Database/Console/Migrations/MigrateCommand.php(88): Illuminate\\Database\\Migrations\\Migrator->run(Array, Array)
#15 /Users/b002631/Desktop/school/graduation/code/job-recommendation-backend/vendor/laravel/framework/src/Illuminate/Database/Migrations/Migrator.php(628): Illuminate\\Database\\Console\\Migrations\\MigrateCommand->Illuminate\\Database\\Console\\Migrations\\{closure}()
#16 /Users/b002631/Desktop/school/graduation/code/job-recommendation-backend/vendor/laravel/framework/src/Illuminate/Database/Console/Migrations/MigrateCommand.php(81): Illuminate\\Database\\Migrations\\Migrator->usingConnection(NULL, Object(Closure))
#17 /Users/b002631/Desktop/school/graduation/code/job-recommendation-backend/vendor/laravel/framework/src/Illuminate/Container/BoundMethod.php(36): Illuminate\\Database\\Console\\Migrations\\MigrateCommand->handle()
#18 /Users/b002631/Desktop/school/graduation/code/job-recommendation-backend/vendor/laravel/framework/src/Illuminate/Container/Util.php(41): Illuminate\\Container\\BoundMethod::Illuminate\\Container\\{closure}()
#19 /Users/b002631/Desktop/school/graduation/code/job-recommendation-backend/vendor/laravel/framework/src/Illuminate/Container/BoundMethod.php(93): Illuminate\\Container\\Util::unwrapIfClosure(Object(Closure))
#20 /Users/b002631/Desktop/school/graduation/code/job-recommendation-backend/vendor/laravel/framework/src/Illuminate/Container/BoundMethod.php(35): Illuminate\\Container\\BoundMethod::callBoundMethod(Object(Illuminate\\Foundation\\Application), Array, Object(Closure))
#21 /Users/b002631/Desktop/school/graduation/code/job-recommendation-backend/vendor/laravel/framework/src/Illuminate/Container/Container.php(661): Illuminate\\Container\\BoundMethod::call(Object(Illuminate\\Foundation\\Application), Array, Array, NULL)
#22 /Users/b002631/Desktop/school/graduation/code/job-recommendation-backend/vendor/laravel/framework/src/Illuminate/Console/Command.php(183): Illuminate\\Container\\Container->call(Array)
#23 /Users/b002631/Desktop/school/graduation/code/job-recommendation-backend/vendor/symfony/console/Command/Command.php(291): Illuminate\\Console\\Command->execute(Object(Symfony\\Component\\Console\\Input\\ArrayInput), Object(Illuminate\\Console\\OutputStyle))
#24 /Users/b002631/Desktop/school/graduation/code/job-recommendation-backend/vendor/laravel/framework/src/Illuminate/Console/Command.php(152): Symfony\\Component\\Console\\Command\\Command->run(Object(Symfony\\Component\\Console\\Input\\ArrayInput), Object(Illuminate\\Console\\OutputStyle))
#25 /Users/b002631/Desktop/school/graduation/code/job-recommendation-backend/vendor/laravel/framework/src/Illuminate/Console/Concerns/CallsCommands.php(67): Illuminate\\Console\\Command->run(Object(Symfony\\Component\\Console\\Input\\ArrayInput), Object(Illuminate\\Console\\OutputStyle))
#26 /Users/b002631/Desktop/school/graduation/code/job-recommendation-backend/vendor/laravel/framework/src/Illuminate/Console/Concerns/CallsCommands.php(28): Illuminate\\Console\\Command->runCommand('migrate', Array, Object(Illuminate\\Console\\OutputStyle))
#27 /Users/b002631/Desktop/school/graduation/code/job-recommendation-backend/vendor/laravel/framework/src/Illuminate/Database/Console/Migrations/RefreshCommand.php(61): Illuminate\\Console\\Command->call('migrate', Array)
#28 /Users/b002631/Desktop/school/graduation/code/job-recommendation-backend/vendor/laravel/framework/src/Illuminate/Container/BoundMethod.php(36): Illuminate\\Database\\Console\\Migrations\\RefreshCommand->handle()
#29 /Users/b002631/Desktop/school/graduation/code/job-recommendation-backend/vendor/laravel/framework/src/Illuminate/Container/Util.php(41): Illuminate\\Container\\BoundMethod::Illuminate\\Container\\{closure}()
#30 /Users/b002631/Desktop/school/graduation/code/job-recommendation-backend/vendor/laravel/framework/src/Illuminate/Container/BoundMethod.php(93): Illuminate\\Container\\Util::unwrapIfClosure(Object(Closure))
#31 /Users/b002631/Desktop/school/graduation/code/job-recommendation-backend/vendor/laravel/framework/src/Illuminate/Container/BoundMethod.php(35): Illuminate\\Container\\BoundMethod::callBoundMethod(Object(Illuminate\\Foundation\\Application), Array, Object(Closure))
#32 /Users/b002631/Desktop/school/graduation/code/job-recommendation-backend/vendor/laravel/framework/src/Illuminate/Container/Container.php(661): Illuminate\\Container\\BoundMethod::call(Object(Illuminate\\Foundation\\Application), Array, Array, NULL)
#33 /Users/b002631/Desktop/school/graduation/code/job-recommendation-backend/vendor/laravel/framework/src/Illuminate/Console/Command.php(183): Illuminate\\Container\\Container->call(Array)
#34 /Users/b002631/Desktop/school/graduation/code/job-recommendation-backend/vendor/symfony/console/Command/Command.php(291): Illuminate\\Console\\Command->execute(Object(Symfony\\Component\\Console\\Input\\ArgvInput), Object(Illuminate\\Console\\OutputStyle))
#35 /Users/b002631/Desktop/school/graduation/code/job-recommendation-backend/vendor/laravel/framework/src/Illuminate/Console/Command.php(152): Symfony\\Component\\Console\\Command\\Command->run(Object(Symfony\\Component\\Console\\Input\\ArgvInput), Object(Illuminate\\Console\\OutputStyle))
#36 /Users/b002631/Desktop/school/graduation/code/job-recommendation-backend/vendor/symfony/console/Application.php(1014): Illuminate\\Console\\Command->run(Object(Symfony\\Component\\Console\\Input\\ArgvInput), Object(Symfony\\Component\\Console\\Output\\ConsoleOutput))
#37 /Users/b002631/Desktop/school/graduation/code/job-recommendation-backend/vendor/symfony/console/Application.php(301): Symfony\\Component\\Console\\Application->doRunCommand(Object(Illuminate\\Database\\Console\\Migrations\\RefreshCommand), Object(Symfony\\Component\\Console\\Input\\ArgvInput), Object(Symfony\\Component\\Console\\Output\\ConsoleOutput))
#38 /Users/b002631/Desktop/school/graduation/code/job-recommendation-backend/vendor/symfony/console/Application.php(171): Symfony\\Component\\Console\\Application->doRun(Object(Symfony\\Component\\Console\\Input\\ArgvInput), Object(Symfony\\Component\\Console\\Output\\ConsoleOutput))
#39 /Users/b002631/Desktop/school/graduation/code/job-recommendation-backend/vendor/laravel/framework/src/Illuminate/Console/Application.php(102): Symfony\\Component\\Console\\Application->run(Object(Symfony\\Component\\Console\\Input\\ArgvInput), Object(Symfony\\Component\\Console\\Output\\ConsoleOutput))
#40 /Users/b002631/Desktop/school/graduation/code/job-recommendation-backend/vendor/laravel/framework/src/Illuminate/Foundation/Console/Kernel.php(155): Illuminate\\Console\\Application->run(Object(Symfony\\Component\\Console\\Input\\ArgvInput), Object(Symfony\\Component\\Console\\Output\\ConsoleOutput))
#41 /Users/b002631/Desktop/school/graduation/code/job-recommendation-backend/artisan(35): Illuminate\\Foundation\\Console\\Kernel->handle(Object(Symfony\\Component\\Console\\Input\\ArgvInput), Object(Symfony\\Component\\Console\\Output\\ConsoleOutput))
#42 {main}
"} 
[2023-05-15 09:46:14] local.ERROR: SQLSTATE[42000]: Syntax error or access violation: 1064 You have an error in your SQL syntax; check the manual that corresponds to your MySQL server version for the right syntax to use near 'created_at) null, `updated_at` timestamp(created_at) null, `created_at` timestam' at line 1 (SQL: create table `admin_accounts` (`id` bigint unsigned not null auto_increment primary key, `username` varchar(255) not null, `password` varchar(255) not null, `full_name` varchar(255) null, `avatar` varchar(255) null, `is_banned` tinyint(1) not null default '0', `locked_until` datetime null, `last_login` datetime null, `deleted_at` timestamp null, `created_at` timestamp(created_at) null, `updated_at` timestamp(created_at) null, `created_at` timestamp(updated_at) null, `updated_at` timestamp(updated_at) null) default character set utf8mb4 collate 'utf8mb4_unicode_ci') {"exception":"[object] (Illuminate\\Database\\QueryException(code: 42000): SQLSTATE[42000]: Syntax error or access violation: 1064 You have an error in your SQL syntax; check the manual that corresponds to your MySQL server version for the right syntax to use near 'created_at) null, `updated_at` timestamp(created_at) null, `created_at` timestam' at line 1 (SQL: create table `admin_accounts` (`id` bigint unsigned not null auto_increment primary key, `username` varchar(255) not null, `password` varchar(255) not null, `full_name` varchar(255) null, `avatar` varchar(255) null, `is_banned` tinyint(1) not null default '0', `locked_until` datetime null, `last_login` datetime null, `deleted_at` timestamp null, `created_at` timestamp(created_at) null, `updated_at` timestamp(created_at) null, `created_at` timestamp(updated_at) null, `updated_at` timestamp(updated_at) null) default character set utf8mb4 collate 'utf8mb4_unicode_ci') at /Users/b002631/Desktop/school/graduation/code/job-recommendation-backend/vendor/laravel/framework/src/Illuminate/Database/Connection.php:760)
[stacktrace]
#0 /Users/b002631/Desktop/school/graduation/code/job-recommendation-backend/vendor/laravel/framework/src/Illuminate/Database/Connection.php(720): Illuminate\\Database\\Connection->runQueryCallback('create table `a...', Array, Object(Closure))
#1 /Users/b002631/Desktop/school/graduation/code/job-recommendation-backend/vendor/laravel/framework/src/Illuminate/Database/Connection.php(534): Illuminate\\Database\\Connection->run('create table `a...', Array, Object(Closure))
#2 /Users/b002631/Desktop/school/graduation/code/job-recommendation-backend/vendor/laravel/framework/src/Illuminate/Database/Schema/Blueprint.php(109): Illuminate\\Database\\Connection->statement('create table `a...')
#3 /Users/b002631/Desktop/school/graduation/code/job-recommendation-backend/vendor/laravel/framework/src/Illuminate/Database/Schema/Builder.php(439): Illuminate\\Database\\Schema\\Blueprint->build(Object(Illuminate\\Database\\MySqlConnection), Object(Illuminate\\Database\\Schema\\Grammars\\MySqlGrammar))
#4 /Users/b002631/Desktop/school/graduation/code/job-recommendation-backend/vendor/laravel/framework/src/Illuminate/Database/Schema/Builder.php(281): Illuminate\\Database\\Schema\\Builder->build(Object(Illuminate\\Database\\Schema\\Blueprint))
#5 /Users/b002631/Desktop/school/graduation/code/job-recommendation-backend/vendor/laravel/framework/src/Illuminate/Support/Facades/Facade.php(338): Illuminate\\Database\\Schema\\Builder->create('admin_accounts', Object(Closure))
#6 /Users/b002631/Desktop/school/graduation/code/job-recommendation-backend/database/migrations/2023_05_15_093011_create_admin_accounts_table.php(19): Illuminate\\Support\\Facades\\Facade::__callStatic('create', Array)
#7 /Users/b002631/Desktop/school/graduation/code/job-recommendation-backend/vendor/laravel/framework/src/Illuminate/Database/Migrations/Migrator.php(488): Illuminate\\Database\\Migrations\\Migration@anonymous->up()
#8 /Users/b002631/Desktop/school/graduation/code/job-recommendation-backend/vendor/laravel/framework/src/Illuminate/Database/Migrations/Migrator.php(406): Illuminate\\Database\\Migrations\\Migrator->runMethod(Object(Illuminate\\Database\\MySqlConnection), Object(Illuminate\\Database\\Migrations\\Migration@anonymous), 'up')
#9 /Users/b002631/Desktop/school/graduation/code/job-recommendation-backend/vendor/laravel/framework/src/Illuminate/Database/Migrations/Migrator.php(415): Illuminate\\Database\\Migrations\\Migrator->Illuminate\\Database\\Migrations\\{closure}()
#10 /Users/b002631/Desktop/school/graduation/code/job-recommendation-backend/vendor/laravel/framework/src/Illuminate/Database/Migrations/Migrator.php(216): Illuminate\\Database\\Migrations\\Migrator->runMigration(Object(Illuminate\\Database\\Migrations\\Migration@anonymous), 'up')
#11 /Users/b002631/Desktop/school/graduation/code/job-recommendation-backend/vendor/laravel/framework/src/Illuminate/Console/View/Components/Task.php(37): Illuminate\\Database\\Migrations\\Migrator->Illuminate\\Database\\Migrations\\{closure}()
#12 /Users/b002631/Desktop/school/graduation/code/job-recommendation-backend/vendor/laravel/framework/src/Illuminate/Database/Migrations/Migrator.php(751): Illuminate\\Console\\View\\Components\\Task->render('2023_05_15_0930...', Object(Closure))
#13 /Users/b002631/Desktop/school/graduation/code/job-recommendation-backend/vendor/laravel/framework/src/Illuminate/Database/Migrations/Migrator.php(216): Illuminate\\Database\\Migrations\\Migrator->write('Illuminate\\\\Cons...', '2023_05_15_0930...', Object(Closure))
#14 /Users/b002631/Desktop/school/graduation/code/job-recommendation-backend/vendor/laravel/framework/src/Illuminate/Database/Migrations/Migrator.php(181): Illuminate\\Database\\Migrations\\Migrator->runUp('/Users/b002631/...', 1, false)
#15 /Users/b002631/Desktop/school/graduation/code/job-recommendation-backend/vendor/laravel/framework/src/Illuminate/Database/Migrations/Migrator.php(124): Illuminate\\Database\\Migrations\\Migrator->runPending(Array, Array)
#16 /Users/b002631/Desktop/school/graduation/code/job-recommendation-backend/vendor/laravel/framework/src/Illuminate/Database/Console/Migrations/MigrateCommand.php(88): Illuminate\\Database\\Migrations\\Migrator->run(Array, Array)
#17 /Users/b002631/Desktop/school/graduation/code/job-recommendation-backend/vendor/laravel/framework/src/Illuminate/Database/Migrations/Migrator.php(628): Illuminate\\Database\\Console\\Migrations\\MigrateCommand->Illuminate\\Database\\Console\\Migrations\\{closure}()
#18 /Users/b002631/Desktop/school/graduation/code/job-recommendation-backend/vendor/laravel/framework/src/Illuminate/Database/Console/Migrations/MigrateCommand.php(81): Illuminate\\Database\\Migrations\\Migrator->usingConnection(NULL, Object(Closure))
#19 /Users/b002631/Desktop/school/graduation/code/job-recommendation-backend/vendor/laravel/framework/src/Illuminate/Container/BoundMethod.php(36): Illuminate\\Database\\Console\\Migrations\\MigrateCommand->handle()
#20 /Users/b002631/Desktop/school/graduation/code/job-recommendation-backend/vendor/laravel/framework/src/Illuminate/Container/Util.php(41): Illuminate\\Container\\BoundMethod::Illuminate\\Container\\{closure}()
#21 /Users/b002631/Desktop/school/graduation/code/job-recommendation-backend/vendor/laravel/framework/src/Illuminate/Container/BoundMethod.php(93): Illuminate\\Container\\Util::unwrapIfClosure(Object(Closure))
#22 /Users/b002631/Desktop/school/graduation/code/job-recommendation-backend/vendor/laravel/framework/src/Illuminate/Container/BoundMethod.php(35): Illuminate\\Container\\BoundMethod::callBoundMethod(Object(Illuminate\\Foundation\\Application), Array, Object(Closure))
#23 /Users/b002631/Desktop/school/graduation/code/job-recommendation-backend/vendor/laravel/framework/src/Illuminate/Container/Container.php(661): Illuminate\\Container\\BoundMethod::call(Object(Illuminate\\Foundation\\Application), Array, Array, NULL)
#24 /Users/b002631/Desktop/school/graduation/code/job-recommendation-backend/vendor/laravel/framework/src/Illuminate/Console/Command.php(183): Illuminate\\Container\\Container->call(Array)
#25 /Users/b002631/Desktop/school/graduation/code/job-recommendation-backend/vendor/symfony/console/Command/Command.php(291): Illuminate\\Console\\Command->execute(Object(Symfony\\Component\\Console\\Input\\ArrayInput), Object(Illuminate\\Console\\OutputStyle))
#26 /Users/b002631/Desktop/school/graduation/code/job-recommendation-backend/vendor/laravel/framework/src/Illuminate/Console/Command.php(152): Symfony\\Component\\Console\\Command\\Command->run(Object(Symfony\\Component\\Console\\Input\\ArrayInput), Object(Illuminate\\Console\\OutputStyle))
#27 /Users/b002631/Desktop/school/graduation/code/job-recommendation-backend/vendor/laravel/framework/src/Illuminate/Console/Concerns/CallsCommands.php(67): Illuminate\\Console\\Command->run(Object(Symfony\\Component\\Console\\Input\\ArrayInput), Object(Illuminate\\Console\\OutputStyle))
#28 /Users/b002631/Desktop/school/graduation/code/job-recommendation-backend/vendor/laravel/framework/src/Illuminate/Console/Concerns/CallsCommands.php(28): Illuminate\\Console\\Command->runCommand('migrate', Array, Object(Illuminate\\Console\\OutputStyle))
#29 /Users/b002631/Desktop/school/graduation/code/job-recommendation-backend/vendor/laravel/framework/src/Illuminate/Database/Console/Migrations/RefreshCommand.php(61): Illuminate\\Console\\Command->call('migrate', Array)
#30 /Users/b002631/Desktop/school/graduation/code/job-recommendation-backend/vendor/laravel/framework/src/Illuminate/Container/BoundMethod.php(36): Illuminate\\Database\\Console\\Migrations\\RefreshCommand->handle()
#31 /Users/b002631/Desktop/school/graduation/code/job-recommendation-backend/vendor/laravel/framework/src/Illuminate/Container/Util.php(41): Illuminate\\Container\\BoundMethod::Illuminate\\Container\\{closure}()
#32 /Users/b002631/Desktop/school/graduation/code/job-recommendation-backend/vendor/laravel/framework/src/Illuminate/Container/BoundMethod.php(93): Illuminate\\Container\\Util::unwrapIfClosure(Object(Closure))
#33 /Users/b002631/Desktop/school/graduation/code/job-recommendation-backend/vendor/laravel/framework/src/Illuminate/Container/BoundMethod.php(35): Illuminate\\Container\\BoundMethod::callBoundMethod(Object(Illuminate\\Foundation\\Application), Array, Object(Closure))
#34 /Users/b002631/Desktop/school/graduation/code/job-recommendation-backend/vendor/laravel/framework/src/Illuminate/Container/Container.php(661): Illuminate\\Container\\BoundMethod::call(Object(Illuminate\\Foundation\\Application), Array, Array, NULL)
#35 /Users/b002631/Desktop/school/graduation/code/job-recommendation-backend/vendor/laravel/framework/src/Illuminate/Console/Command.php(183): Illuminate\\Container\\Container->call(Array)
#36 /Users/b002631/Desktop/school/graduation/code/job-recommendation-backend/vendor/symfony/console/Command/Command.php(291): Illuminate\\Console\\Command->execute(Object(Symfony\\Component\\Console\\Input\\ArgvInput), Object(Illuminate\\Console\\OutputStyle))
#37 /Users/b002631/Desktop/school/graduation/code/job-recommendation-backend/vendor/laravel/framework/src/Illuminate/Console/Command.php(152): Symfony\\Component\\Console\\Command\\Command->run(Object(Symfony\\Component\\Console\\Input\\ArgvInput), Object(Illuminate\\Console\\OutputStyle))
#38 /Users/b002631/Desktop/school/graduation/code/job-recommendation-backend/vendor/symfony/console/Application.php(1014): Illuminate\\Console\\Command->run(Object(Symfony\\Component\\Console\\Input\\ArgvInput), Object(Symfony\\Component\\Console\\Output\\ConsoleOutput))
#39 /Users/b002631/Desktop/school/graduation/code/job-recommendation-backend/vendor/symfony/console/Application.php(301): Symfony\\Component\\Console\\Application->doRunCommand(Object(Illuminate\\Database\\Console\\Migrations\\RefreshCommand), Object(Symfony\\Component\\Console\\Input\\ArgvInput), Object(Symfony\\Component\\Console\\Output\\ConsoleOutput))
#40 /Users/b002631/Desktop/school/graduation/code/job-recommendation-backend/vendor/symfony/console/Application.php(171): Symfony\\Component\\Console\\Application->doRun(Object(Symfony\\Component\\Console\\Input\\ArgvInput), Object(Symfony\\Component\\Console\\Output\\ConsoleOutput))
#41 /Users/b002631/Desktop/school/graduation/code/job-recommendation-backend/vendor/laravel/framework/src/Illuminate/Console/Application.php(102): Symfony\\Component\\Console\\Application->run(Object(Symfony\\Component\\Console\\Input\\ArgvInput), Object(Symfony\\Component\\Console\\Output\\ConsoleOutput))
#42 /Users/b002631/Desktop/school/graduation/code/job-recommendation-backend/vendor/laravel/framework/src/Illuminate/Foundation/Console/Kernel.php(155): Illuminate\\Console\\Application->run(Object(Symfony\\Component\\Console\\Input\\ArgvInput), Object(Symfony\\Component\\Console\\Output\\ConsoleOutput))
#43 /Users/b002631/Desktop/school/graduation/code/job-recommendation-backend/artisan(35): Illuminate\\Foundation\\Console\\Kernel->handle(Object(Symfony\\Component\\Console\\Input\\ArgvInput), Object(Symfony\\Component\\Console\\Output\\ConsoleOutput))
#44 {main}

[previous exception] [object] (PDOException(code: 42000): SQLSTATE[42000]: Syntax error or access violation: 1064 You have an error in your SQL syntax; check the manual that corresponds to your MySQL server version for the right syntax to use near 'created_at) null, `updated_at` timestamp(created_at) null, `created_at` timestam' at line 1 at /Users/b002631/Desktop/school/graduation/code/job-recommendation-backend/vendor/laravel/framework/src/Illuminate/Database/Connection.php:539)
[stacktrace]
#0 /Users/b002631/Desktop/school/graduation/code/job-recommendation-backend/vendor/laravel/framework/src/Illuminate/Database/Connection.php(539): PDO->prepare('create table `a...')
#1 /Users/b002631/Desktop/school/graduation/code/job-recommendation-backend/vendor/laravel/framework/src/Illuminate/Database/Connection.php(753): Illuminate\\Database\\Connection->Illuminate\\Database\\{closure}('create table `a...', Array)
#2 /Users/b002631/Desktop/school/graduation/code/job-recommendation-backend/vendor/laravel/framework/src/Illuminate/Database/Connection.php(720): Illuminate\\Database\\Connection->runQueryCallback('create table `a...', Array, Object(Closure))
#3 /Users/b002631/Desktop/school/graduation/code/job-recommendation-backend/vendor/laravel/framework/src/Illuminate/Database/Connection.php(534): Illuminate\\Database\\Connection->run('create table `a...', Array, Object(Closure))
#4 /Users/b002631/Desktop/school/graduation/code/job-recommendation-backend/vendor/laravel/framework/src/Illuminate/Database/Schema/Blueprint.php(109): Illuminate\\Database\\Connection->statement('create table `a...')
#5 /Users/b002631/Desktop/school/graduation/code/job-recommendation-backend/vendor/laravel/framework/src/Illuminate/Database/Schema/Builder.php(439): Illuminate\\Database\\Schema\\Blueprint->build(Object(Illuminate\\Database\\MySqlConnection), Object(Illuminate\\Database\\Schema\\Grammars\\MySqlGrammar))
#6 /Users/b002631/Desktop/school/graduation/code/job-recommendation-backend/vendor/laravel/framework/src/Illuminate/Database/Schema/Builder.php(281): Illuminate\\Database\\Schema\\Builder->build(Object(Illuminate\\Database\\Schema\\Blueprint))
#7 /Users/b002631/Desktop/school/graduation/code/job-recommendation-backend/vendor/laravel/framework/src/Illuminate/Support/Facades/Facade.php(338): Illuminate\\Database\\Schema\\Builder->create('admin_accounts', Object(Closure))
#8 /Users/b002631/Desktop/school/graduation/code/job-recommendation-backend/database/migrations/2023_05_15_093011_create_admin_accounts_table.php(19): Illuminate\\Support\\Facades\\Facade::__callStatic('create', Array)
#9 /Users/b002631/Desktop/school/graduation/code/job-recommendation-backend/vendor/laravel/framework/src/Illuminate/Database/Migrations/Migrator.php(488): Illuminate\\Database\\Migrations\\Migration@anonymous->up()
#10 /Users/b002631/Desktop/school/graduation/code/job-recommendation-backend/vendor/laravel/framework/src/Illuminate/Database/Migrations/Migrator.php(406): Illuminate\\Database\\Migrations\\Migrator->runMethod(Object(Illuminate\\Database\\MySqlConnection), Object(Illuminate\\Database\\Migrations\\Migration@anonymous), 'up')
#11 /Users/b002631/Desktop/school/graduation/code/job-recommendation-backend/vendor/laravel/framework/src/Illuminate/Database/Migrations/Migrator.php(415): Illuminate\\Database\\Migrations\\Migrator->Illuminate\\Database\\Migrations\\{closure}()
#12 /Users/b002631/Desktop/school/graduation/code/job-recommendation-backend/vendor/laravel/framework/src/Illuminate/Database/Migrations/Migrator.php(216): Illuminate\\Database\\Migrations\\Migrator->runMigration(Object(Illuminate\\Database\\Migrations\\Migration@anonymous), 'up')
#13 /Users/b002631/Desktop/school/graduation/code/job-recommendation-backend/vendor/laravel/framework/src/Illuminate/Console/View/Components/Task.php(37): Illuminate\\Database\\Migrations\\Migrator->Illuminate\\Database\\Migrations\\{closure}()
#14 /Users/b002631/Desktop/school/graduation/code/job-recommendation-backend/vendor/laravel/framework/src/Illuminate/Database/Migrations/Migrator.php(751): Illuminate\\Console\\View\\Components\\Task->render('2023_05_15_0930...', Object(Closure))
#15 /Users/b002631/Desktop/school/graduation/code/job-recommendation-backend/vendor/laravel/framework/src/Illuminate/Database/Migrations/Migrator.php(216): Illuminate\\Database\\Migrations\\Migrator->write('Illuminate\\\\Cons...', '2023_05_15_0930...', Object(Closure))
#16 /Users/b002631/Desktop/school/graduation/code/job-recommendation-backend/vendor/laravel/framework/src/Illuminate/Database/Migrations/Migrator.php(181): Illuminate\\Database\\Migrations\\Migrator->runUp('/Users/b002631/...', 1, false)
#17 /Users/b002631/Desktop/school/graduation/code/job-recommendation-backend/vendor/laravel/framework/src/Illuminate/Database/Migrations/Migrator.php(124): Illuminate\\Database\\Migrations\\Migrator->runPending(Array, Array)
#18 /Users/b002631/Desktop/school/graduation/code/job-recommendation-backend/vendor/laravel/framework/src/Illuminate/Database/Console/Migrations/MigrateCommand.php(88): Illuminate\\Database\\Migrations\\Migrator->run(Array, Array)
#19 /Users/b002631/Desktop/school/graduation/code/job-recommendation-backend/vendor/laravel/framework/src/Illuminate/Database/Migrations/Migrator.php(628): Illuminate\\Database\\Console\\Migrations\\MigrateCommand->Illuminate\\Database\\Console\\Migrations\\{closure}()
#20 /Users/b002631/Desktop/school/graduation/code/job-recommendation-backend/vendor/laravel/framework/src/Illuminate/Database/Console/Migrations/MigrateCommand.php(81): Illuminate\\Database\\Migrations\\Migrator->usingConnection(NULL, Object(Closure))
#21 /Users/b002631/Desktop/school/graduation/code/job-recommendation-backend/vendor/laravel/framework/src/Illuminate/Container/BoundMethod.php(36): Illuminate\\Database\\Console\\Migrations\\MigrateCommand->handle()
#22 /Users/b002631/Desktop/school/graduation/code/job-recommendation-backend/vendor/laravel/framework/src/Illuminate/Container/Util.php(41): Illuminate\\Container\\BoundMethod::Illuminate\\Container\\{closure}()
#23 /Users/b002631/Desktop/school/graduation/code/job-recommendation-backend/vendor/laravel/framework/src/Illuminate/Container/BoundMethod.php(93): Illuminate\\Container\\Util::unwrapIfClosure(Object(Closure))
#24 /Users/b002631/Desktop/school/graduation/code/job-recommendation-backend/vendor/laravel/framework/src/Illuminate/Container/BoundMethod.php(35): Illuminate\\Container\\BoundMethod::callBoundMethod(Object(Illuminate\\Foundation\\Application), Array, Object(Closure))
#25 /Users/b002631/Desktop/school/graduation/code/job-recommendation-backend/vendor/laravel/framework/src/Illuminate/Container/Container.php(661): Illuminate\\Container\\BoundMethod::call(Object(Illuminate\\Foundation\\Application), Array, Array, NULL)
#26 /Users/b002631/Desktop/school/graduation/code/job-recommendation-backend/vendor/laravel/framework/src/Illuminate/Console/Command.php(183): Illuminate\\Container\\Container->call(Array)
#27 /Users/b002631/Desktop/school/graduation/code/job-recommendation-backend/vendor/symfony/console/Command/Command.php(291): Illuminate\\Console\\Command->execute(Object(Symfony\\Component\\Console\\Input\\ArrayInput), Object(Illuminate\\Console\\OutputStyle))
#28 /Users/b002631/Desktop/school/graduation/code/job-recommendation-backend/vendor/laravel/framework/src/Illuminate/Console/Command.php(152): Symfony\\Component\\Console\\Command\\Command->run(Object(Symfony\\Component\\Console\\Input\\ArrayInput), Object(Illuminate\\Console\\OutputStyle))
#29 /Users/b002631/Desktop/school/graduation/code/job-recommendation-backend/vendor/laravel/framework/src/Illuminate/Console/Concerns/CallsCommands.php(67): Illuminate\\Console\\Command->run(Object(Symfony\\Component\\Console\\Input\\ArrayInput), Object(Illuminate\\Console\\OutputStyle))
#30 /Users/b002631/Desktop/school/graduation/code/job-recommendation-backend/vendor/laravel/framework/src/Illuminate/Console/Concerns/CallsCommands.php(28): Illuminate\\Console\\Command->runCommand('migrate', Array, Object(Illuminate\\Console\\OutputStyle))
#31 /Users/b002631/Desktop/school/graduation/code/job-recommendation-backend/vendor/laravel/framework/src/Illuminate/Database/Console/Migrations/RefreshCommand.php(61): Illuminate\\Console\\Command->call('migrate', Array)
#32 /Users/b002631/Desktop/school/graduation/code/job-recommendation-backend/vendor/laravel/framework/src/Illuminate/Container/BoundMethod.php(36): Illuminate\\Database\\Console\\Migrations\\RefreshCommand->handle()
#33 /Users/b002631/Desktop/school/graduation/code/job-recommendation-backend/vendor/laravel/framework/src/Illuminate/Container/Util.php(41): Illuminate\\Container\\BoundMethod::Illuminate\\Container\\{closure}()
#34 /Users/b002631/Desktop/school/graduation/code/job-recommendation-backend/vendor/laravel/framework/src/Illuminate/Container/BoundMethod.php(93): Illuminate\\Container\\Util::unwrapIfClosure(Object(Closure))
#35 /Users/b002631/Desktop/school/graduation/code/job-recommendation-backend/vendor/laravel/framework/src/Illuminate/Container/BoundMethod.php(35): Illuminate\\Container\\BoundMethod::callBoundMethod(Object(Illuminate\\Foundation\\Application), Array, Object(Closure))
#36 /Users/b002631/Desktop/school/graduation/code/job-recommendation-backend/vendor/laravel/framework/src/Illuminate/Container/Container.php(661): Illuminate\\Container\\BoundMethod::call(Object(Illuminate\\Foundation\\Application), Array, Array, NULL)
#37 /Users/b002631/Desktop/school/graduation/code/job-recommendation-backend/vendor/laravel/framework/src/Illuminate/Console/Command.php(183): Illuminate\\Container\\Container->call(Array)
#38 /Users/b002631/Desktop/school/graduation/code/job-recommendation-backend/vendor/symfony/console/Command/Command.php(291): Illuminate\\Console\\Command->execute(Object(Symfony\\Component\\Console\\Input\\ArgvInput), Object(Illuminate\\Console\\OutputStyle))
#39 /Users/b002631/Desktop/school/graduation/code/job-recommendation-backend/vendor/laravel/framework/src/Illuminate/Console/Command.php(152): Symfony\\Component\\Console\\Command\\Command->run(Object(Symfony\\Component\\Console\\Input\\ArgvInput), Object(Illuminate\\Console\\OutputStyle))
#40 /Users/b002631/Desktop/school/graduation/code/job-recommendation-backend/vendor/symfony/console/Application.php(1014): Illuminate\\Console\\Command->run(Object(Symfony\\Component\\Console\\Input\\ArgvInput), Object(Symfony\\Component\\Console\\Output\\ConsoleOutput))
#41 /Users/b002631/Desktop/school/graduation/code/job-recommendation-backend/vendor/symfony/console/Application.php(301): Symfony\\Component\\Console\\Application->doRunCommand(Object(Illuminate\\Database\\Console\\Migrations\\RefreshCommand), Object(Symfony\\Component\\Console\\Input\\ArgvInput), Object(Symfony\\Component\\Console\\Output\\ConsoleOutput))
#42 /Users/b002631/Desktop/school/graduation/code/job-recommendation-backend/vendor/symfony/console/Application.php(171): Symfony\\Component\\Console\\Application->doRun(Object(Symfony\\Component\\Console\\Input\\ArgvInput), Object(Symfony\\Component\\Console\\Output\\ConsoleOutput))
#43 /Users/b002631/Desktop/school/graduation/code/job-recommendation-backend/vendor/laravel/framework/src/Illuminate/Console/Application.php(102): Symfony\\Component\\Console\\Application->run(Object(Symfony\\Component\\Console\\Input\\ArgvInput), Object(Symfony\\Component\\Console\\Output\\ConsoleOutput))
#44 /Users/b002631/Desktop/school/graduation/code/job-recommendation-backend/vendor/laravel/framework/src/Illuminate/Foundation/Console/Kernel.php(155): Illuminate\\Console\\Application->run(Object(Symfony\\Component\\Console\\Input\\ArgvInput), Object(Symfony\\Component\\Console\\Output\\ConsoleOutput))
#45 /Users/b002631/Desktop/school/graduation/code/job-recommendation-backend/artisan(35): Illuminate\\Foundation\\Console\\Kernel->handle(Object(Symfony\\Component\\Console\\Input\\ArgvInput), Object(Symfony\\Component\\Console\\Output\\ConsoleOutput))
#46 {main}
"} 
